2022.02.23 16:35:09 INFO  tracing is disabled for protocol LSP, to enable tracing of incoming and outgoing JSON messages create an empty file at c:\Users\gianc\Desktop\Revature\Project-3\.metals\lsp.trace.json or C:\Users\gianc\AppData\Local\scalameta\metals\cache\lsp.trace.json
2022.02.23 16:35:10 INFO  logging to file C:\Users\gianc\Desktop\Revature\Project-3\.metals\metals.log
2022.02.23 16:35:10 INFO  Started: Metals version 0.11.1 in workspace 'C:\Users\gianc\Desktop\Revature\Project-3' for client Visual Studio Code 1.64.2.
2022.02.23 16:35:10 INFO  Parse release: 11.0.11
2022.02.23 16:35:12 INFO  time: initialize in 1.79s
2022.02.23 16:35:12 INFO  Attempting to connect to the build server...
2022.02.23 16:35:12 ERROR Starting the bsp launcher for bloop...
2022.02.23 16:35:12 ERROR Opening a bsp server connection with 'bsp --protocol tcp --port 26175'...
2022.02.23 16:35:12 ERROR Waiting for the bsp connection to come up...
2022.02.23 16:35:12 ERROR error: The command bsp --protocol tcp --port 26175 returned with an error
2022.02.23 16:35:12 ERROR > 
2022.02.23 16:35:12 ERROR error: The launcher failed to establish a bsp connection, aborting...
2022.02.23 16:35:12 ERROR Failed to connect with build server, no functionality will work.
java.lang.RuntimeException: The server did not start, got FailedToOpenBspConnection
	at bloop.launcher.LauncherMain.failPromise$1(Launcher.scala:95)
	at bloop.launcher.LauncherMain.runLauncher(Launcher.scala:122)
	at scala.meta.internal.metals.BloopServers$$anon$2.run(BloopServers.scala:169)
	at java.util.concurrent.Executors$RunnableAdapter.call(Executors.java:515)
	at java.util.concurrent.FutureTask.run(FutureTask.java:264)
	at java.util.concurrent.ThreadPoolExecutor.runWorker(ThreadPoolExecutor.java:1128)
	at java.util.concurrent.ThreadPoolExecutor$Worker.run(ThreadPoolExecutor.java:628)
	at java.lang.Thread.run(Thread.java:829)

